<?xml version="1.0" encoding="UTF-8"?>
<coverage generated="1705212265944" clover="3.2.0">
  <project timestamp="1705212265944" name="All files">
    <metrics statements="65" coveredstatements="60" conditionals="16" coveredconditionals="14" methods="28" coveredmethods="23" elements="109" coveredelements="97" complexity="0" loc="65" ncloc="65" packages="2" files="10" classes="10"/>
    <package name="Components">
      <metrics statements="50" coveredstatements="45" conditionals="16" coveredconditionals="14" methods="25" coveredmethods="20"/>
      <file name="Body.jsx" path="C:\Users\Admin\Desktop\React_Master\src\Components\Body.jsx">
        <metrics statements="15" coveredstatements="10" conditionals="6" coveredconditionals="4" methods="8" coveredmethods="3"/>
        <line num="8" count="1" type="stmt"/>
        <line num="9" count="2" type="stmt"/>
        <line num="10" count="2" type="stmt"/>
        <line num="11" count="2" type="stmt"/>
        <line num="12" count="2" type="stmt"/>
        <line num="14" count="2" type="cond" truecount="1" falsecount="1"/>
        <line num="15" count="0" type="stmt"/>
        <line num="17" count="2" type="cond" truecount="1" falsecount="1"/>
        <line num="18" count="2" type="stmt"/>
        <line num="29" count="20" type="stmt"/>
        <line num="46" count="0" type="stmt"/>
        <line num="54" count="0" type="stmt"/>
        <line num="58" count="0" type="stmt"/>
        <line num="59" count="0" type="stmt"/>
        <line num="70" count="9" type="stmt"/>
      </file>
      <file name="Contact.jsx" path="C:\Users\Admin\Desktop\React_Master\src\Components\Contact.jsx">
        <metrics statements="2" coveredstatements="2" conditionals="0" coveredconditionals="0" methods="1" coveredmethods="1"/>
        <line num="1" count="1" type="stmt"/>
        <line num="2" count="4" type="stmt"/>
      </file>
      <file name="Header.jsx" path="C:\Users\Admin\Desktop\React_Master\src\Components\Header.jsx">
        <metrics statements="5" coveredstatements="5" conditionals="2" coveredconditionals="2" methods="3" coveredmethods="3"/>
        <line num="7" count="2" type="stmt"/>
        <line num="8" count="7" type="stmt"/>
        <line num="11" count="13" type="stmt"/>
        <line num="13" count="7" type="stmt"/>
        <line num="26" count="1" type="cond" truecount="2" falsecount="0"/>
      </file>
      <file name="ItemList.jsx" path="C:\Users\Admin\Desktop\React_Master\src\Components\ItemList.jsx">
        <metrics statements="7" coveredstatements="7" conditionals="0" coveredconditionals="0" methods="4" coveredmethods="4"/>
        <line num="6" count="1" type="stmt"/>
        <line num="8" count="2" type="stmt"/>
        <line num="10" count="2" type="stmt"/>
        <line num="12" count="1" type="stmt"/>
        <line num="15" count="2" type="stmt"/>
        <line num="19" count="7" type="stmt"/>
        <line num="33" count="1" type="stmt"/>
      </file>
      <file name="RestaurantMenu.jsx" path="C:\Users\Admin\Desktop\React_Master\src\Components\RestaurantMenu.jsx">
        <metrics statements="10" coveredstatements="10" conditionals="4" coveredconditionals="4" methods="4" coveredmethods="4"/>
        <line num="8" count="1" type="stmt"/>
        <line num="9" count="3" type="stmt"/>
        <line num="10" count="3" type="stmt"/>
        <line num="11" count="3" type="stmt"/>
        <line num="14" count="3" type="cond" truecount="2" falsecount="0"/>
        <line num="15" count="2" type="stmt"/>
        <line num="16" count="28" type="stmt"/>
        <line num="17" count="2" type="stmt"/>
        <line num="34" count="10" type="stmt"/>
        <line num="36" count="1" type="stmt"/>
      </file>
      <file name="RestoreCard.jsx" path="C:\Users\Admin\Desktop\React_Master\src\Components\RestoreCard.jsx">
        <metrics statements="7" coveredstatements="7" conditionals="4" coveredconditionals="4" methods="3" coveredmethods="3"/>
        <line num="5" count="2" type="stmt"/>
        <line num="12" count="11" type="stmt"/>
        <line num="13" count="11" type="stmt"/>
        <line num="14" count="11" type="stmt"/>
        <line num="32" count="2" type="stmt"/>
        <line num="33" count="3" type="stmt"/>
        <line num="34" count="3" type="stmt"/>
      </file>
      <file name="Shimmer.jsx" path="C:\Users\Admin\Desktop\React_Master\src\Components\Shimmer.jsx">
        <metrics statements="2" coveredstatements="2" conditionals="0" coveredconditionals="0" methods="1" coveredmethods="1"/>
        <line num="3" count="2" type="stmt"/>
        <line num="4" count="1" type="stmt"/>
      </file>
      <file name="sum.js" path="C:\Users\Admin\Desktop\React_Master\src\Components\sum.js">
        <metrics statements="2" coveredstatements="2" conditionals="0" coveredconditionals="0" methods="1" coveredmethods="1"/>
        <line num="1" count="1" type="stmt"/>
        <line num="2" count="1" type="stmt"/>
      </file>
    </package>
    <package name="Utils">
      <metrics statements="15" coveredstatements="15" conditionals="0" coveredconditionals="0" methods="3" coveredmethods="3"/>
      <file name="appStore.js" path="C:\Users\Admin\Desktop\React_Master\src\Utils\appStore.js">
        <metrics statements="1" coveredstatements="1" conditionals="0" coveredconditionals="0" methods="0" coveredmethods="0"/>
        <line num="5" count="2" type="stmt"/>
      </file>
      <file name="useRestaurantCard.js" path="C:\Users\Admin\Desktop\React_Master\src\Utils\useRestaurantCard.js">
        <metrics statements="14" coveredstatements="14" conditionals="0" coveredconditionals="0" methods="3" coveredmethods="3"/>
        <line num="2" count="2" type="stmt"/>
        <line num="3" count="2" type="stmt"/>
        <line num="4" count="2" type="stmt"/>
        <line num="5" count="2" type="stmt"/>
        <line num="6" count="2" type="stmt"/>
        <line num="8" count="2" type="stmt"/>
        <line num="9" count="1" type="stmt"/>
        <line num="12" count="2" type="stmt"/>
        <line num="13" count="1" type="stmt"/>
        <line num="14" count="1" type="stmt"/>
        <line num="15" count="1" type="stmt"/>
        <line num="16" count="1" type="stmt"/>
        <line num="17" count="1" type="stmt"/>
        <line num="20" count="2" type="stmt"/>
      </file>
    </package>
  </project>
</coverage>
