{"C:\\Users\\Admin\\Desktop\\React_Master\\src\\Components\\Body.jsx": {"path":"C:\\Users\\Admin\\Desktop\\React_Master\\src\\Components\\Body.jsx","statementMap":{"0":{"start":{"line":8,"column":13},"end":{"line":83,"column":1}},"1":{"start":{"line":9,"column":17},"end":{"line":9,"column":24}},"2":{"start":{"line":10,"column":106},"end":{"line":10,"column":125}},"3":{"start":{"line":11,"column":25},"end":{"line":11,"column":50}},"4":{"start":{"line":12,"column":25},"end":{"line":12,"column":42}},"5":{"start":{"line":14,"column":4},"end":{"line":16,"column":5}},"6":{"start":{"line":15,"column":8},"end":{"line":15,"column":88}},"7":{"start":{"line":17,"column":4},"end":{"line":17,"column":46}},"8":{"start":{"line":17,"column":28},"end":{"line":17,"column":46}},"9":{"start":{"line":18,"column":4},"end":{"line":82,"column":5}},"10":{"start":{"line":29,"column":28},"end":{"line":31,"column":34}},"11":{"start":{"line":46,"column":32},"end":{"line":46,"column":63}},"12":{"start":{"line":54,"column":32},"end":{"line":54,"column":145}},"13":{"start":{"line":54,"column":79},"end":{"line":54,"column":143}},"14":{"start":{"line":58,"column":28},"end":{"line":58,"column":105}},"15":{"start":{"line":58,"column":76},"end":{"line":58,"column":103}},"16":{"start":{"line":59,"column":28},"end":{"line":59,"column":47}},"17":{"start":{"line":70,"column":28},"end":{"line":72,"column":35}}},"fnMap":{"0":{"name":"(anonymous_0)","decl":{"start":{"line":8,"column":13},"end":{"line":8,"column":14}},"loc":{"start":{"line":8,"column":19},"end":{"line":83,"column":1}},"line":8},"1":{"name":"(anonymous_1)","decl":{"start":{"line":28,"column":41},"end":{"line":28,"column":42}},"loc":{"start":{"line":29,"column":28},"end":{"line":31,"column":34}},"line":29},"2":{"name":"(anonymous_2)","decl":{"start":{"line":45,"column":38},"end":{"line":45,"column":39}},"loc":{"start":{"line":45,"column":44},"end":{"line":47,"column":29}},"line":45},"3":{"name":"(anonymous_3)","decl":{"start":{"line":53,"column":37},"end":{"line":53,"column":38}},"loc":{"start":{"line":53,"column":41},"end":{"line":55,"column":29}},"line":53},"4":{"name":"(anonymous_4)","decl":{"start":{"line":54,"column":71},"end":{"line":54,"column":72}},"loc":{"start":{"line":54,"column":79},"end":{"line":54,"column":143}},"line":54},"5":{"name":"(anonymous_5)","decl":{"start":{"line":57,"column":33},"end":{"line":57,"column":34}},"loc":{"start":{"line":57,"column":38},"end":{"line":60,"column":25}},"line":57},"6":{"name":"(anonymous_6)","decl":{"start":{"line":58,"column":66},"end":{"line":58,"column":67}},"loc":{"start":{"line":58,"column":76},"end":{"line":58,"column":103}},"line":58},"7":{"name":"(anonymous_7)","decl":{"start":{"line":69,"column":44},"end":{"line":69,"column":45}},"loc":{"start":{"line":70,"column":28},"end":{"line":72,"column":35}},"line":70}},"branchMap":{"0":{"loc":{"start":{"line":14,"column":4},"end":{"line":16,"column":5}},"type":"if","locations":[{"start":{"line":14,"column":4},"end":{"line":16,"column":5}},{"start":{},"end":{}}],"line":14},"1":{"loc":{"start":{"line":17,"column":4},"end":{"line":17,"column":46}},"type":"if","locations":[{"start":{"line":17,"column":4},"end":{"line":17,"column":46}},{"start":{},"end":{}}],"line":17},"2":{"loc":{"start":{"line":71,"column":33},"end":{"line":71,"column":129}},"type":"cond-expr","locations":[{"start":{"line":71,"column":63},"end":{"line":71,"column":95}},{"start":{"line":71,"column":98},"end":{"line":71,"column":129}}],"line":71}},"s":{"0":1,"1":2,"2":2,"3":2,"4":2,"5":2,"6":0,"7":2,"8":0,"9":2,"10":20,"11":0,"12":0,"13":0,"14":0,"15":0,"16":0,"17":9},"f":{"0":2,"1":20,"2":0,"3":0,"4":0,"5":0,"6":0,"7":9},"b":{"0":[0,2],"1":[0,2],"2":[2,7]},"_coverageSchema":"1a1c01bbd47fc00a2c39e90264f33305004495a9","hash":"29958efa03ae405268f98b0b5caf5d373b97b7c2"}
,"C:\\Users\\Admin\\Desktop\\React_Master\\src\\Components\\Contact.jsx": {"path":"C:\\Users\\Admin\\Desktop\\React_Master\\src\\Components\\Contact.jsx","statementMap":{"0":{"start":{"line":1,"column":16},"end":{"line":17,"column":1}},"1":{"start":{"line":2,"column":4},"end":{"line":16,"column":5}}},"fnMap":{"0":{"name":"(anonymous_0)","decl":{"start":{"line":1,"column":16},"end":{"line":1,"column":17}},"loc":{"start":{"line":1,"column":21},"end":{"line":17,"column":1}},"line":1}},"branchMap":{},"s":{"0":1,"1":4},"f":{"0":4},"b":{},"_coverageSchema":"1a1c01bbd47fc00a2c39e90264f33305004495a9","hash":"381aef7232efdc2894086e503482fb1514064214"}
,"C:\\Users\\Admin\\Desktop\\React_Master\\src\\Components\\Header.jsx": {"path":"C:\\Users\\Admin\\Desktop\\React_Master\\src\\Components\\Header.jsx","statementMap":{"0":{"start":{"line":7,"column":22},"end":{"line":32,"column":1}},"1":{"start":{"line":8,"column":34},"end":{"line":8,"column":48}},"2":{"start":{"line":11,"column":22},"end":{"line":11,"column":61}},"3":{"start":{"line":11,"column":44},"end":{"line":11,"column":60}},"4":{"start":{"line":13,"column":4},"end":{"line":31,"column":5}},"5":{"start":{"line":26,"column":89},"end":{"line":26,"column":109}}},"fnMap":{"0":{"name":"(anonymous_0)","decl":{"start":{"line":7,"column":22},"end":{"line":7,"column":23}},"loc":{"start":{"line":7,"column":28},"end":{"line":32,"column":1}},"line":7},"1":{"name":"(anonymous_1)","decl":{"start":{"line":11,"column":34},"end":{"line":11,"column":35}},"loc":{"start":{"line":11,"column":44},"end":{"line":11,"column":60}},"line":11},"2":{"name":"(anonymous_2)","decl":{"start":{"line":26,"column":84},"end":{"line":26,"column":85}},"loc":{"start":{"line":26,"column":89},"end":{"line":26,"column":109}},"line":26}},"branchMap":{"0":{"loc":{"start":{"line":26,"column":112},"end":{"line":26,"column":140}},"type":"cond-expr","locations":[{"start":{"line":26,"column":122},"end":{"line":26,"column":129}},{"start":{"line":26,"column":132},"end":{"line":26,"column":140}}],"line":26}},"s":{"0":2,"1":7,"2":7,"3":13,"4":7,"5":1},"f":{"0":7,"1":13,"2":1},"b":{"0":[6,1]},"_coverageSchema":"1a1c01bbd47fc00a2c39e90264f33305004495a9","hash":"f0b100ef0c04de23b3175edaf50402658d179eed"}
,"C:\\Users\\Admin\\Desktop\\React_Master\\src\\Components\\ItemList.jsx": {"path":"C:\\Users\\Admin\\Desktop\\React_Master\\src\\Components\\ItemList.jsx","statementMap":{"0":{"start":{"line":6,"column":17},"end":{"line":42,"column":1}},"1":{"start":{"line":8,"column":21},"end":{"line":8,"column":34}},"2":{"start":{"line":10,"column":24},"end":{"line":13,"column":5}},"3":{"start":{"line":12,"column":8},"end":{"line":12,"column":35}},"4":{"start":{"line":15,"column":4},"end":{"line":40,"column":5}},"5":{"start":{"line":19,"column":20},"end":{"line":36,"column":26}},"6":{"start":{"line":33,"column":44},"end":{"line":33,"column":61}}},"fnMap":{"0":{"name":"(anonymous_0)","decl":{"start":{"line":6,"column":17},"end":{"line":6,"column":18}},"loc":{"start":{"line":6,"column":29},"end":{"line":42,"column":1}},"line":6},"1":{"name":"(anonymous_1)","decl":{"start":{"line":10,"column":24},"end":{"line":10,"column":25}},"loc":{"start":{"line":10,"column":37},"end":{"line":13,"column":5}},"line":10},"2":{"name":"(anonymous_2)","decl":{"start":{"line":18,"column":26},"end":{"line":18,"column":27}},"loc":{"start":{"line":19,"column":20},"end":{"line":36,"column":26}},"line":19},"3":{"name":"(anonymous_3)","decl":{"start":{"line":33,"column":38},"end":{"line":33,"column":39}},"loc":{"start":{"line":33,"column":44},"end":{"line":33,"column":61}},"line":33}},"branchMap":{},"s":{"0":1,"1":2,"2":2,"3":1,"4":2,"5":7,"6":1},"f":{"0":2,"1":1,"2":7,"3":1},"b":{},"_coverageSchema":"1a1c01bbd47fc00a2c39e90264f33305004495a9","hash":"73b6d681164fc9bf35ae9d936116785f84fc9d82"}
,"C:\\Users\\Admin\\Desktop\\React_Master\\src\\Components\\RestaurantMenu.jsx": {"path":"C:\\Users\\Admin\\Desktop\\React_Master\\src\\Components\\RestaurantMenu.jsx","statementMap":{"0":{"start":{"line":8,"column":23},"end":{"line":43,"column":1}},"1":{"start":{"line":9,"column":20},"end":{"line":9,"column":31}},"2":{"start":{"line":10,"column":20},"end":{"line":10,"column":44}},"3":{"start":{"line":11,"column":36},"end":{"line":11,"column":47}},"4":{"start":{"line":14,"column":4},"end":{"line":14,"column":44}},"5":{"start":{"line":14,"column":25},"end":{"line":14,"column":43}},"6":{"start":{"line":15,"column":46},"end":{"line":15,"column":81}},"7":{"start":{"line":16,"column":23},"end":{"line":16,"column":187}},"8":{"start":{"line":16,"column":96},"end":{"line":16,"column":186}},"9":{"start":{"line":17,"column":4},"end":{"line":42,"column":5}},"10":{"start":{"line":34,"column":24},"end":{"line":38,"column":46}},"11":{"start":{"line":36,"column":39},"end":{"line":36,"column":57}}},"fnMap":{"0":{"name":"(anonymous_0)","decl":{"start":{"line":8,"column":23},"end":{"line":8,"column":24}},"loc":{"start":{"line":8,"column":29},"end":{"line":43,"column":1}},"line":8},"1":{"name":"(anonymous_1)","decl":{"start":{"line":16,"column":90},"end":{"line":16,"column":91}},"loc":{"start":{"line":16,"column":96},"end":{"line":16,"column":186}},"line":16},"2":{"name":"(anonymous_2)","decl":{"start":{"line":33,"column":36},"end":{"line":33,"column":37}},"loc":{"start":{"line":33,"column":52},"end":{"line":39,"column":21}},"line":33},"3":{"name":"(anonymous_3)","decl":{"start":{"line":36,"column":35},"end":{"line":36,"column":36}},"loc":{"start":{"line":36,"column":39},"end":{"line":36,"column":57}},"line":36}},"branchMap":{"0":{"loc":{"start":{"line":14,"column":4},"end":{"line":14,"column":44}},"type":"if","locations":[{"start":{"line":14,"column":4},"end":{"line":14,"column":44}},{"start":{},"end":{}}],"line":14},"1":{"loc":{"start":{"line":35,"column":32},"end":{"line":35,"column":65}},"type":"cond-expr","locations":[{"start":{"line":35,"column":53},"end":{"line":35,"column":57}},{"start":{"line":35,"column":60},"end":{"line":35,"column":65}}],"line":35}},"s":{"0":1,"1":3,"2":3,"3":3,"4":3,"5":1,"6":2,"7":2,"8":28,"9":2,"10":10,"11":1},"f":{"0":3,"1":28,"2":10,"3":1},"b":{"0":[1,2],"1":[2,8]},"_coverageSchema":"1a1c01bbd47fc00a2c39e90264f33305004495a9","hash":"46e28e0561abd0fcc2f078efda6370a67feb5e73"}
,"C:\\Users\\Admin\\Desktop\\React_Master\\src\\Components\\RestoreCard.jsx": {"path":"C:\\Users\\Admin\\Desktop\\React_Master\\src\\Components\\RestoreCard.jsx","statementMap":{"0":{"start":{"line":5,"column":20},"end":{"line":29,"column":1}},"1":{"start":{"line":12,"column":14},"end":{"line":12,"column":25}},"2":{"start":{"line":13,"column":33},"end":{"line":13,"column":56}},"3":{"start":{"line":14,"column":8},"end":{"line":28,"column":5}},"4":{"start":{"line":32,"column":28},"end":{"line":43,"column":1}},"5":{"start":{"line":33,"column":4},"end":{"line":42,"column":5}},"6":{"start":{"line":34,"column":8},"end":{"line":41,"column":9}}},"fnMap":{"0":{"name":"(anonymous_0)","decl":{"start":{"line":5,"column":20},"end":{"line":5,"column":21}},"loc":{"start":{"line":5,"column":33},"end":{"line":29,"column":1}},"line":5},"1":{"name":"(anonymous_1)","decl":{"start":{"line":32,"column":28},"end":{"line":32,"column":29}},"loc":{"start":{"line":32,"column":44},"end":{"line":43,"column":1}},"line":32},"2":{"name":"(anonymous_2)","decl":{"start":{"line":33,"column":11},"end":{"line":33,"column":12}},"loc":{"start":{"line":33,"column":21},"end":{"line":42,"column":5}},"line":33}},"branchMap":{"0":{"loc":{"start":{"line":18,"column":61},"end":{"line":18,"column":112}},"type":"cond-expr","locations":[{"start":{"line":18,"column":81},"end":{"line":18,"column":85}},{"start":{"line":18,"column":88},"end":{"line":18,"column":112}}],"line":18},"1":{"loc":{"start":{"line":23,"column":51},"end":{"line":23,"column":134}},"type":"cond-expr","locations":[{"start":{"line":23,"column":74},"end":{"line":23,"column":93}},{"start":{"line":23,"column":96},"end":{"line":23,"column":134}}],"line":23}},"s":{"0":2,"1":11,"2":11,"3":11,"4":2,"5":3,"6":3},"f":{"0":11,"1":3,"2":3},"b":{"0":[4,7],"1":[4,7]},"_coverageSchema":"1a1c01bbd47fc00a2c39e90264f33305004495a9","hash":"5f49edd883ed52ccf2d635f8af87770af3793a22"}
,"C:\\Users\\Admin\\Desktop\\React_Master\\src\\Components\\Shimmer.jsx": {"path":"C:\\Users\\Admin\\Desktop\\React_Master\\src\\Components\\Shimmer.jsx","statementMap":{"0":{"start":{"line":3,"column":16},"end":{"line":9,"column":1}},"1":{"start":{"line":4,"column":2},"end":{"line":8,"column":3}}},"fnMap":{"0":{"name":"(anonymous_0)","decl":{"start":{"line":3,"column":16},"end":{"line":3,"column":17}},"loc":{"start":{"line":3,"column":22},"end":{"line":9,"column":1}},"line":3}},"branchMap":{},"s":{"0":2,"1":1},"f":{"0":1},"b":{},"_coverageSchema":"1a1c01bbd47fc00a2c39e90264f33305004495a9","hash":"2429eb6c2cb75e341fcfe7e23a30b44fb8e4b694"}
,"C:\\Users\\Admin\\Desktop\\React_Master\\src\\Components\\sum.js": {"path":"C:\\Users\\Admin\\Desktop\\React_Master\\src\\Components\\sum.js","statementMap":{"0":{"start":{"line":1,"column":19},"end":{"line":3,"column":1}},"1":{"start":{"line":2,"column":4},"end":{"line":2,"column":17}}},"fnMap":{"0":{"name":"(anonymous_0)","decl":{"start":{"line":1,"column":19},"end":{"line":1,"column":20}},"loc":{"start":{"line":1,"column":29},"end":{"line":3,"column":1}},"line":1}},"branchMap":{},"s":{"0":1,"1":1},"f":{"0":1},"b":{},"_coverageSchema":"1a1c01bbd47fc00a2c39e90264f33305004495a9","hash":"b5eca2c177dfcb74fb42bf0328f7630dd178818e"}
,"C:\\Users\\Admin\\Desktop\\React_Master\\src\\Utils\\appStore.js": {"path":"C:\\Users\\Admin\\Desktop\\React_Master\\src\\Utils\\appStore.js","statementMap":{"0":{"start":{"line":5,"column":17},"end":{"line":10,"column":2}}},"fnMap":{},"branchMap":{},"s":{"0":2},"f":{},"b":{},"_coverageSchema":"1a1c01bbd47fc00a2c39e90264f33305004495a9","hash":"8a3b7ea0280caad4ba39a94ed5fe9f15311e52ef"}
,"C:\\Users\\Admin\\Desktop\\React_Master\\src\\Utils\\useRestaurantCard.js": {"path":"C:\\Users\\Admin\\Desktop\\React_Master\\src\\Utils\\useRestaurantCard.js","statementMap":{"0":{"start":{"line":2,"column":26},"end":{"line":21,"column":1}},"1":{"start":{"line":3,"column":42},"end":{"line":3,"column":54}},"2":{"start":{"line":4,"column":50},"end":{"line":4,"column":62}},"3":{"start":{"line":5,"column":44},"end":{"line":5,"column":56}},"4":{"start":{"line":6,"column":36},"end":{"line":6,"column":48}},"5":{"start":{"line":8,"column":4},"end":{"line":10,"column":10}},"6":{"start":{"line":9,"column":8},"end":{"line":9,"column":20}},"7":{"start":{"line":12,"column":22},"end":{"line":18,"column":5}},"8":{"start":{"line":13,"column":21},"end":{"line":13,"column":172}},"9":{"start":{"line":14,"column":21},"end":{"line":14,"column":38}},"10":{"start":{"line":15,"column":8},"end":{"line":15,"column":92}},"11":{"start":{"line":16,"column":8},"end":{"line":16,"column":82}},"12":{"start":{"line":17,"column":8},"end":{"line":17,"column":95}},"13":{"start":{"line":20,"column":4},"end":{"line":20,"column":121}}},"fnMap":{"0":{"name":"(anonymous_0)","decl":{"start":{"line":2,"column":26},"end":{"line":2,"column":27}},"loc":{"start":{"line":2,"column":32},"end":{"line":21,"column":1}},"line":2},"1":{"name":"(anonymous_1)","decl":{"start":{"line":8,"column":14},"end":{"line":8,"column":15}},"loc":{"start":{"line":8,"column":20},"end":{"line":10,"column":5}},"line":8},"2":{"name":"(anonymous_2)","decl":{"start":{"line":12,"column":22},"end":{"line":12,"column":23}},"loc":{"start":{"line":12,"column":34},"end":{"line":18,"column":5}},"line":12}},"branchMap":{},"s":{"0":2,"1":2,"2":2,"3":2,"4":2,"5":2,"6":1,"7":2,"8":1,"9":1,"10":1,"11":1,"12":1,"13":2},"f":{"0":2,"1":1,"2":1},"b":{},"_coverageSchema":"1a1c01bbd47fc00a2c39e90264f33305004495a9","hash":"f702caa5a02ac958b9c8210b21db8d08829fd0ed"}
}
