TN:
SF:src\Components\Body.jsx
FN:8,(anonymous_0)
FN:28,(anonymous_1)
FN:45,(anonymous_2)
FN:53,(anonymous_3)
FN:54,(anonymous_4)
FN:57,(anonymous_5)
FN:58,(anonymous_6)
FN:69,(anonymous_7)
FNF:8
FNH:3
FNDA:2,(anonymous_0)
FNDA:20,(anonymous_1)
FNDA:0,(anonymous_2)
FNDA:0,(anonymous_3)
FNDA:0,(anonymous_4)
FNDA:0,(anonymous_5)
FNDA:0,(anonymous_6)
FNDA:9,(anonymous_7)
DA:8,1
DA:9,2
DA:10,2
DA:11,2
DA:12,2
DA:14,2
DA:15,0
DA:17,2
DA:18,2
DA:29,20
DA:46,0
DA:54,0
DA:58,0
DA:59,0
DA:70,9
LF:15
LH:10
BRDA:14,0,0,0
BRDA:14,0,1,2
BRDA:17,1,0,0
BRDA:17,1,1,2
BRDA:71,2,0,2
BRDA:71,2,1,7
BRF:6
BRH:4
end_of_record
TN:
SF:src\Components\Contact.jsx
FN:1,(anonymous_0)
FNF:1
FNH:1
FNDA:4,(anonymous_0)
DA:1,1
DA:2,4
LF:2
LH:2
BRF:0
BRH:0
end_of_record
TN:
SF:src\Components\Header.jsx
FN:7,(anonymous_0)
FN:11,(anonymous_1)
FN:26,(anonymous_2)
FNF:3
FNH:3
FNDA:7,(anonymous_0)
FNDA:13,(anonymous_1)
FNDA:1,(anonymous_2)
DA:7,2
DA:8,7
DA:11,13
DA:13,7
DA:26,1
LF:5
LH:5
BRDA:26,0,0,6
BRDA:26,0,1,1
BRF:2
BRH:2
end_of_record
TN:
SF:src\Components\ItemList.jsx
FN:6,(anonymous_0)
FN:10,(anonymous_1)
FN:18,(anonymous_2)
FN:33,(anonymous_3)
FNF:4
FNH:4
FNDA:2,(anonymous_0)
FNDA:1,(anonymous_1)
FNDA:7,(anonymous_2)
FNDA:1,(anonymous_3)
DA:6,1
DA:8,2
DA:10,2
DA:12,1
DA:15,2
DA:19,7
DA:33,1
LF:7
LH:7
BRF:0
BRH:0
end_of_record
TN:
SF:src\Components\RestaurantMenu.jsx
FN:8,(anonymous_0)
FN:16,(anonymous_1)
FN:33,(anonymous_2)
FN:36,(anonymous_3)
FNF:4
FNH:4
FNDA:3,(anonymous_0)
FNDA:28,(anonymous_1)
FNDA:10,(anonymous_2)
FNDA:1,(anonymous_3)
DA:8,1
DA:9,3
DA:10,3
DA:11,3
DA:14,3
DA:15,2
DA:16,28
DA:17,2
DA:34,10
DA:36,1
LF:10
LH:10
BRDA:14,0,0,1
BRDA:14,0,1,2
BRDA:35,1,0,2
BRDA:35,1,1,8
BRF:4
BRH:4
end_of_record
TN:
SF:src\Components\RestoreCard.jsx
FN:5,(anonymous_0)
FN:32,(anonymous_1)
FN:33,(anonymous_2)
FNF:3
FNH:3
FNDA:11,(anonymous_0)
FNDA:3,(anonymous_1)
FNDA:3,(anonymous_2)
DA:5,2
DA:12,11
DA:13,11
DA:14,11
DA:32,2
DA:33,3
DA:34,3
LF:7
LH:7
BRDA:18,0,0,4
BRDA:18,0,1,7
BRDA:23,1,0,4
BRDA:23,1,1,7
BRF:4
BRH:4
end_of_record
TN:
SF:src\Components\Shimmer.jsx
FN:3,(anonymous_0)
FNF:1
FNH:1
FNDA:1,(anonymous_0)
DA:3,2
DA:4,1
LF:2
LH:2
BRF:0
BRH:0
end_of_record
TN:
SF:src\Components\sum.js
FN:1,(anonymous_0)
FNF:1
FNH:1
FNDA:1,(anonymous_0)
DA:1,1
DA:2,1
LF:2
LH:2
BRF:0
BRH:0
end_of_record
TN:
SF:src\Utils\appStore.js
FNF:0
FNH:0
DA:5,2
LF:1
LH:1
BRF:0
BRH:0
end_of_record
TN:
SF:src\Utils\useRestaurantCard.js
FN:2,(anonymous_0)
FN:8,(anonymous_1)
FN:12,(anonymous_2)
FNF:3
FNH:3
FNDA:2,(anonymous_0)
FNDA:1,(anonymous_1)
FNDA:1,(anonymous_2)
DA:2,2
DA:3,2
DA:4,2
DA:5,2
DA:6,2
DA:8,2
DA:9,1
DA:12,2
DA:13,1
DA:14,1
DA:15,1
DA:16,1
DA:17,1
DA:20,2
LF:14
LH:14
BRF:0
BRH:0
end_of_record
